  MenuScene.cpp
c:\users\max2729\source\repos\nightmarefacade-380\classes\menuscene.cpp(81): warning C4996: 'cocos2d::CCSprite': was declared deprecated
  c:\cocos\cocos2d-x\cocos2d-x-3.10\cocos\deprecated\ccdeprecated.h(680): note: see declaration of 'cocos2d::CCSprite'
c:\users\max2729\source\repos\nightmarefacade-380\classes\menuscene.cpp(82): warning C4996: 'cocos2d::ccp': was declared deprecated
  c:\cocos\cocos2d-x\cocos2d-x-3.10\cocos\deprecated\ccdeprecated.h(49): note: see declaration of 'cocos2d::ccp'
c:\users\max2729\source\repos\nightmarefacade-380\classes\menuscene.cpp(132): warning C4996: 'cocos2d::kmGLPushMatrix': was declared deprecated
  c:\cocos\cocos2d-x\cocos2d-x-3.10\cocos\deprecated\ccdeprecated.h(1067): note: see declaration of 'cocos2d::kmGLPushMatrix'
c:\users\max2729\source\repos\nightmarefacade-380\classes\menuscene.cpp(134): warning C4996: 'cocos2d::kmGLPopMatrix': was declared deprecated
  c:\cocos\cocos2d-x\cocos2d-x-3.10\cocos\deprecated\ccdeprecated.h(1068): note: see declaration of 'cocos2d::kmGLPopMatrix'
C:\Program Files (x86)\MSBuild\Microsoft.Cpp\v4.0\V140\Microsoft.CppBuild.targets(367,5): warning MSB8004: Intermediate Directory does not end with a trailing slash.  This build instance will add the slash as it is required to allow proper evaluation of the Intermediate Directory.
C:\Program Files (x86)\MSBuild\Microsoft.Cpp\v4.0\V140\Microsoft.CppBuild.targets(368,5): warning MSB8004: Output Directory does not end with a trailing slash.  This build instance will add the slash as it is required to allow proper evaluation of the Output Directory.
  60 File(s) copied
  NightmareFacade.vcxproj -> C:\Users\Max2729\Source\Repos\NightmareFacade-380\proj.win32\Debug.win32\NightmareFacade.exe
  C:\Users\Max2729\Source\Repos\NightmareFacade-380\Resources\res\BasementRoom1.csb -> C:\Users\Max2729\Source\Repos\NightmareFacade-380\proj.win32\Debug.win32\res\BasementRoom1.csb
  C:\Users\Max2729\Source\Repos\NightmareFacade-380\Resources\res\idleAnimMenu.csb -> C:\Users\Max2729\Source\Repos\NightmareFacade-380\proj.win32\Debug.win32\res\idleAnimMenu.csb
  C:\Users\Max2729\Source\Repos\NightmareFacade-380\Resources\res\leftAnimMenu.csb -> C:\Users\Max2729\Source\Repos\NightmareFacade-380\proj.win32\Debug.win32\res\leftAnimMenu.csb
  C:\Users\Max2729\Source\Repos\NightmareFacade-380\Resources\res\MainScene.csb -> C:\Users\Max2729\Source\Repos\NightmareFacade-380\proj.win32\Debug.win32\res\MainScene.csb
  C:\Users\Max2729\Source\Repos\NightmareFacade-380\Resources\res\MenuScene.csb -> C:\Users\Max2729\Source\Repos\NightmareFacade-380\proj.win32\Debug.win32\res\MenuScene.csb
  C:\Users\Max2729\Source\Repos\NightmareFacade-380\Resources\res\rightAnimMenu.csb -> C:\Users\Max2729\Source\Repos\NightmareFacade-380\proj.win32\Debug.win32\res\rightAnimMenu.csb
  C:\Users\Max2729\Source\Repos\NightmareFacade-380\Resources\res\Assets\animations\idlePlist.plist -> C:\Users\Max2729\Source\Repos\NightmareFacade-380\proj.win32\Debug.win32\res\Assets\animations\idlePlist.plist
  C:\Users\Max2729\Source\Repos\NightmareFacade-380\Resources\res\Assets\animations\idlePlist.png -> C:\Users\Max2729\Source\Repos\NightmareFacade-380\proj.win32\Debug.win32\res\Assets\animations\idlePlist.png
  C:\Users\Max2729\Source\Repos\NightmareFacade-380\Resources\res\Assets\animations\leftPlist.plist -> C:\Users\Max2729\Source\Repos\NightmareFacade-380\proj.win32\Debug.win32\res\Assets\animations\leftPlist.plist
  C:\Users\Max2729\Source\Repos\NightmareFacade-380\Resources\res\Assets\animations\leftPlist.png -> C:\Users\Max2729\Source\Repos\NightmareFacade-380\proj.win32\Debug.win32\res\Assets\animations\leftPlist.png
  C:\Users\Max2729\Source\Repos\NightmareFacade-380\Resources\res\Assets\animations\rightPlist.plist -> C:\Users\Max2729\Source\Repos\NightmareFacade-380\proj.win32\Debug.win32\res\Assets\animations\rightPlist.plist
  C:\Users\Max2729\Source\Repos\NightmareFacade-380\Resources\res\Assets\animations\rightPlist.png -> C:\Users\Max2729\Source\Repos\NightmareFacade-380\proj.win32\Debug.win32\res\Assets\animations\rightPlist.png
  12 File(s) copied
