c:\users\doug\documents\cocos\cocosprojects\nightmarefacade\proj.win32\debug.win32\main.obj
c:\users\doug\documents\cocos\cocosprojects\nightmarefacade\proj.win32\debug.win32\helloworldscene.obj
c:\users\doug\documents\cocos\cocosprojects\nightmarefacade\proj.win32\debug.win32\appdelegate.obj
c:\users\doug\documents\cocos\cocosprojects\nightmarefacade\proj.win32\debug.win32\vc140.pdb
c:\users\doug\documents\cocos\cocosprojects\nightmarefacade\proj.win32\debug.win32\menuscene.obj
c:\users\doug\documents\cocos\cocosprojects\nightmarefacade\proj.win32\debug.win32\basementroom1.obj
c:\users\doug\documents\cocos\cocosprojects\nightmarefacade\proj.win32\debug.win32\nightmarefacade.ilk
c:\users\doug\documents\cocos\cocosprojects\nightmarefacade\proj.win32\debug.win32\nightmarefacade.exe
c:\users\doug\documents\cocos\cocosprojects\nightmarefacade\proj.win32\debug.win32\nightmarefacade.pdb
c:\users\doug\documents\cocos\cocosprojects\nightmarefacade\proj.win32\debug.win32\nightmarefacade.lib
c:\users\doug\documents\cocos\cocosprojects\nightmarefacade\proj.win32\debug.win32\nightmarefacade.exp
c:\users\doug\documents\cocos\cocosprojects\nightmarefacade\proj.win32\nightmarefacade.cab
c:\users\doug\documents\cocos\cocosprojects\nightmarefacade\proj.win32\debug.win32\game.res
c:\users\doug\documents\cocos\cocosprojects\nightmarefacade\proj.win32\debug.win32\vc140.idb
c:\users\doug\documents\cocos\cocosprojects\nightmarefacade\proj.win32\debug.win32\nightmarefacade.tlog\cl.command.1.tlog
c:\users\doug\documents\cocos\cocosprojects\nightmarefacade\proj.win32\debug.win32\nightmarefacade.tlog\cl.read.1.tlog
c:\users\doug\documents\cocos\cocosprojects\nightmarefacade\proj.win32\debug.win32\nightmarefacade.tlog\cl.write.1.tlog
c:\users\doug\documents\cocos\cocosprojects\nightmarefacade\proj.win32\debug.win32\nightmarefacade.tlog\link.command.1.tlog
c:\users\doug\documents\cocos\cocosprojects\nightmarefacade\proj.win32\debug.win32\nightmarefacade.tlog\link.read.1.tlog
c:\users\doug\documents\cocos\cocosprojects\nightmarefacade\proj.win32\debug.win32\nightmarefacade.tlog\link.write.1.tlog
c:\users\doug\documents\cocos\cocosprojects\nightmarefacade\proj.win32\debug.win32\nightmarefacade.tlog\nightmarefacade.write.1u.tlog
c:\users\doug\documents\cocos\cocosprojects\nightmarefacade\proj.win32\debug.win32\nightmarefacade.tlog\rc.command.1.tlog
c:\users\doug\documents\cocos\cocosprojects\nightmarefacade\proj.win32\debug.win32\nightmarefacade.tlog\rc.read.1.tlog
c:\users\doug\documents\cocos\cocosprojects\nightmarefacade\proj.win32\debug.win32\nightmarefacade.tlog\rc.write.1.tlog
