Build started 3/25/2012 8:40:37 PM.
     1>Project "C:\Users\McKilla Gorilla\RTM\StonyBrook\Courses\CSE380\Spring2012\examples\LuaExample\LuaMathExample\LuaMathExample.vcxproj" on node 2 (build target(s)).
     1>InitializeBuildStatus:
         Touching "Debug\LuaMathExample.unsuccessfulbuild".
       ClCompile:
         c:\Program Files (x86)\Microsoft Visual Studio 10.0\VC\bin\CL.exe /c /ZI /nologo /W3 /WX- /Od /Oy- /D WIN32 /D _DEBUG /D _CONSOLE /D _UNICODE /D UNICODE /Gm /EHsc /RTC1 /MDd /GS /fp:precise /Zc:wchar_t /Zc:forScope /Fo"Debug\\" /Fd"Debug\vc100.pdb" /Gd /TP /analyze- /errorReport:prompt LuaMathExample.cpp
         LuaMathExample.cpp
       ManifestResourceCompile:
         c:\Program Files (x86)\Microsoft SDKs\Windows\v7.0A\bin\rc.exe /nologo /fo"Debug\LuaMathExample.exe.embed.manifest.res" Debug\LuaMathExample_manifest.rc 
       Link:
         c:\Program Files (x86)\Microsoft Visual Studio 10.0\VC\bin\link.exe /ERRORREPORT:PROMPT /OUT:"C:\Users\McKilla Gorilla\RTM\StonyBrook\Courses\CSE380\Spring2012\examples\LuaExample\Debug\LuaMathExample.exe" /INCREMENTAL /NOLOGO kernel32.lib user32.lib gdi32.lib winspool.lib comdlg32.lib advapi32.lib shell32.lib ole32.lib oleaut32.lib uuid.lib odbc32.lib odbccp32.lib /MANIFEST /ManifestFile:"Debug\LuaMathExample.exe.intermediate.manifest" /MANIFESTUAC:"level='asInvoker' uiAccess='false'" /DEBUG /PDB:"C:\Users\McKilla Gorilla\RTM\StonyBrook\Courses\CSE380\Spring2012\examples\LuaExample\Debug\LuaMathExample.pdb" /SUBSYSTEM:CONSOLE /TLBID:1 /DYNAMICBASE /NXCOMPAT /IMPLIB:"C:\Users\McKilla Gorilla\RTM\StonyBrook\Courses\CSE380\Spring2012\examples\LuaExample\Debug\LuaMathExample.lib" /MACHINE:X86 Debug\LuaMathExample.exe.embed.manifest.res
         Debug\LuaMathExample.obj
       Manifest:
         c:\Program Files (x86)\Microsoft SDKs\Windows\v7.0A\bin\mt.exe /nologo /verbose /out:"Debug\LuaMathExample.exe.embed.manifest" /manifest Debug\LuaMathExample.exe.intermediate.manifest
         c:\Program Files (x86)\Microsoft SDKs\Windows\v7.0A\bin\rc.exe /nologo /fo"Debug\LuaMathExample.exe.embed.manifest.res" Debug\LuaMathExample_manifest.rc 
       LinkEmbedManifest:
         c:\Program Files (x86)\Microsoft Visual Studio 10.0\VC\bin\link.exe /ERRORREPORT:PROMPT /OUT:"C:\Users\McKilla Gorilla\RTM\StonyBrook\Courses\CSE380\Spring2012\examples\LuaExample\Debug\LuaMathExample.exe" /INCREMENTAL /NOLOGO kernel32.lib user32.lib gdi32.lib winspool.lib comdlg32.lib advapi32.lib shell32.lib ole32.lib oleaut32.lib uuid.lib odbc32.lib odbccp32.lib /MANIFEST /ManifestFile:"Debug\LuaMathExample.exe.intermediate.manifest" /MANIFESTUAC:"level='asInvoker' uiAccess='false'" /DEBUG /PDB:"C:\Users\McKilla Gorilla\RTM\StonyBrook\Courses\CSE380\Spring2012\examples\LuaExample\Debug\LuaMathExample.pdb" /SUBSYSTEM:CONSOLE /TLBID:1 /DYNAMICBASE /NXCOMPAT /IMPLIB:"C:\Users\McKilla Gorilla\RTM\StonyBrook\Courses\CSE380\Spring2012\examples\LuaExample\Debug\LuaMathExample.lib" /MACHINE:X86 Debug\LuaMathExample.exe.embed.manifest.res
         Debug\LuaMathExample.obj
         LuaMathExample.vcxproj -> C:\Users\McKilla Gorilla\RTM\StonyBrook\Courses\CSE380\Spring2012\examples\LuaExample\Debug\LuaMathExample.exe
       FinalizeBuildStatus:
         Deleting file "Debug\LuaMathExample.unsuccessfulbuild".
         Touching "Debug\LuaMathExample.lastbuildstate".
     1>Done Building Project "C:\Users\McKilla Gorilla\RTM\StonyBrook\Courses\CSE380\Spring2012\examples\LuaExample\LuaMathExample\LuaMathExample.vcxproj" (build target(s)).

Build succeeded.

Time Elapsed 00:00:08.49
