c:\users\spartanrme\documents\visual studio 2015\projects\luaexample\temp\luaplusframework\luaplusframework.pdb
c:\users\spartanrme\documents\visual studio 2015\projects\luaexample\temp\luaplusframework\luaplusframework.idb
c:\users\spartanrme\documents\visual studio 2015\projects\luaexample\temp\luaplusframework\lmathlib.obj
c:\users\spartanrme\documents\visual studio 2015\projects\luaexample\temp\luaplusframework\lmem.obj
c:\users\spartanrme\documents\visual studio 2015\projects\luaexample\temp\luaplusframework\loadlib.obj
c:\users\spartanrme\documents\visual studio 2015\projects\luaexample\temp\luaplusframework\lobject.obj
c:\users\spartanrme\documents\visual studio 2015\projects\luaexample\temp\luaplusframework\lopcodes.obj
c:\users\spartanrme\documents\visual studio 2015\projects\luaexample\temp\luaplusframework\loslib.obj
c:\users\spartanrme\documents\visual studio 2015\projects\luaexample\temp\luaplusframework\lparser.obj
c:\users\spartanrme\documents\visual studio 2015\projects\luaexample\temp\luaplusframework\lstate.obj
c:\users\spartanrme\documents\visual studio 2015\projects\luaexample\temp\luaplusframework\lstring.obj
c:\users\spartanrme\documents\visual studio 2015\projects\luaexample\temp\luaplusframework\lstrlib.obj
c:\users\spartanrme\documents\visual studio 2015\projects\luaexample\temp\luaplusframework\ltable.obj
c:\users\spartanrme\documents\visual studio 2015\projects\luaexample\temp\luaplusframework\ltablib.obj
c:\users\spartanrme\documents\visual studio 2015\projects\luaexample\temp\luaplusframework\ltm.obj
c:\users\spartanrme\documents\visual studio 2015\projects\luaexample\temp\luaplusframework\lundump.obj
c:\users\spartanrme\documents\visual studio 2015\projects\luaexample\temp\luaplusframework\lvm.obj
c:\users\spartanrme\documents\visual studio 2015\projects\luaexample\temp\luaplusframework\lzio.obj
c:\users\spartanrme\documents\visual studio 2015\projects\luaexample\temp\luaplusframework\print.obj
c:\users\spartanrme\documents\visual studio 2015\projects\luaexample\temp\luaplusframework\lwstrlib.obj
c:\users\spartanrme\documents\visual studio 2015\projects\luaexample\temp\luaplusframework\pt.obj
c:\users\spartanrme\documents\visual studio 2015\projects\luaexample\temp\luaplusframework\srm.obj
c:\users\spartanrme\documents\visual studio 2015\projects\luaexample\temp\luaplusframework\auxiliar.obj
c:\users\spartanrme\documents\visual studio 2015\projects\luaexample\temp\luaplusframework\luaplusaddons.obj
c:\users\spartanrme\documents\visual studio 2015\projects\luaexample\temp\luaplusframework\luathread.obj
c:\users\spartanrme\documents\visual studio 2015\projects\luaexample\temp\luaplusframework\lapi.obj
c:\users\spartanrme\documents\visual studio 2015\projects\luaexample\temp\luaplusframework\lauxlib.obj
c:\users\spartanrme\documents\visual studio 2015\projects\luaexample\temp\luaplusframework\lbaselib.obj
c:\users\spartanrme\documents\visual studio 2015\projects\luaexample\temp\luaplusframework\lcode.obj
c:\users\spartanrme\documents\visual studio 2015\projects\luaexample\temp\luaplusframework\ldblib.obj
c:\users\spartanrme\documents\visual studio 2015\projects\luaexample\temp\luaplusframework\ldebug.obj
c:\users\spartanrme\documents\visual studio 2015\projects\luaexample\temp\luaplusframework\ldo.obj
c:\users\spartanrme\documents\visual studio 2015\projects\luaexample\temp\luaplusframework\ldump.obj
c:\users\spartanrme\documents\visual studio 2015\projects\luaexample\temp\luaplusframework\lfunc.obj
c:\users\spartanrme\documents\visual studio 2015\projects\luaexample\temp\luaplusframework\lgc.obj
c:\users\spartanrme\documents\visual studio 2015\projects\luaexample\temp\luaplusframework\linit.obj
c:\users\spartanrme\documents\visual studio 2015\projects\luaexample\temp\luaplusframework\liolib.obj
c:\users\spartanrme\documents\visual studio 2015\projects\luaexample\temp\luaplusframework\llex.obj
c:\users\spartanrme\documents\visual studio 2015\projects\luaexample\temp\luaplusframework\luacall.obj
c:\users\spartanrme\documents\visual studio 2015\projects\luaexample\temp\luaplusframework\luaobject.obj
c:\users\spartanrme\documents\visual studio 2015\projects\luaexample\temp\luaplusframework\luaplus.obj
c:\users\spartanrme\documents\visual studio 2015\projects\luaexample\temp\luaplusframework\luaplusfunctions.obj
c:\users\spartanrme\documents\visual studio 2015\projects\luaexample\temp\luaplusframework\luaplus_libs.obj
c:\users\spartanrme\documents\visual studio 2015\projects\luaexample\temp\luaplusframework\luastackobject.obj
c:\users\spartanrme\documents\visual studio 2015\projects\luaexample\temp\luaplusframework\luastacktableiterator.obj
c:\users\spartanrme\documents\visual studio 2015\projects\luaexample\temp\luaplusframework\luastate.obj
c:\users\spartanrme\documents\visual studio 2015\projects\luaexample\temp\luaplusframework\luastateoutfile.obj
c:\users\spartanrme\documents\visual studio 2015\projects\luaexample\temp\luaplusframework\luastate_dumpobject.obj
c:\users\spartanrme\documents\visual studio 2015\projects\luaexample\temp\luaplusframework\luatableiterator.obj
c:\users\spartanrme\documents\visual studio 2015\projects\luaexample\common\luaplusframework.lib
c:\users\spartanrme\documents\visual studio 2015\projects\luaexample\common\luaplusframework.pdb
c:\users\spartanrme\documents\visual studio 2015\projects\luaexample\temp\luaplusframework\luaplusframework.tlog\cl.command.1.tlog
c:\users\spartanrme\documents\visual studio 2015\projects\luaexample\temp\luaplusframework\luaplusframework.tlog\cl.read.1.tlog
c:\users\spartanrme\documents\visual studio 2015\projects\luaexample\temp\luaplusframework\luaplusframework.tlog\cl.write.1.tlog
c:\users\spartanrme\documents\visual studio 2015\projects\luaexample\temp\luaplusframework\luaplusframework.tlog\lib-link.read.1.tlog
c:\users\spartanrme\documents\visual studio 2015\projects\luaexample\temp\luaplusframework\luaplusframework.tlog\lib-link.write.1.tlog
c:\users\spartanrme\documents\visual studio 2015\projects\luaexample\temp\luaplusframework\luaplusframework.tlog\lib.command.1.tlog
