C:\Program Files (x86)\MSBuild\Microsoft.Cpp\v4.0\V140\Microsoft.CppBuild.targets(367,5): warning MSB8004: Intermediate Directory does not end with a trailing slash.  This build instance will add the slash as it is required to allow proper evaluation of the Intermediate Directory.
C:\Program Files (x86)\MSBuild\Microsoft.Cpp\v4.0\V140\Microsoft.CppBuild.targets(368,5): warning MSB8004: Output Directory does not end with a trailing slash.  This build instance will add the slash as it is required to allow proper evaluation of the Output Directory.
  srm.c
  pt.c
  lwstrlib.c
  print.c
  lzio.c
  lvm.c
  lundump.c
  ltm.c
  ltablib.c
  ltable.c
  lstrlib.c
  lstring.c
  lstate.c
  lparser.c
  loslib.c
  lopcodes.c
  lobject.c
  loadlib.c
  lmem.c
  lmathlib.c
  Generating Code...
  Compiling...
  llex.c
  liolib.c
  linit.c
  lgc.c
  lfunc.c
  ldump.c
  ldo.c
  ldebug.c
  ldblib.c
  lcode.c
  lbaselib.c
  lauxlib.c
  lapi.c
  luathread.c
  LuaPlusAddons.c
  auxiliar.c
  Generating Code...
  LuaTableIterator.cpp
  LuaState_DumpObject.cpp
  LuaStateOutFile.cpp
  LuaState.cpp
  LuaStackTableIterator.cpp
  LuaStackObject.cpp
  LuaPlus_Libs.cpp
  LuaPlusFunctions.cpp
  LuaPlus.cpp
  LuaObject.cpp
  LuaCall.cpp
  Generating Code...
  LuaPlusFramework.vcxproj -> C:\Users\Max2729\Source\Repos\NightmareFacade-380\proj.win32\Common\LuaPlusFramework.lib
